[2026-03-19T08:59:33.148+0000] {processor.py:186} INFO - Started process (PID=59) to work on /opt/airflow/dags/pipeline.py
[2026-03-19T08:59:33.149+0000] {processor.py:914} INFO - Processing file /opt/airflow/dags/pipeline.py for tasks to queue
[2026-03-19T08:59:33.150+0000] {logging_mixin.py:190} INFO - [2026-03-19T08:59:33.150+0000] {dagbag.py:587} INFO - Filling up the DagBag from /opt/airflow/dags/pipeline.py
[2026-03-19T08:59:33.156+0000] {processor.py:925} INFO - DAG(s) 'hello' retrieved from /opt/airflow/dags/pipeline.py
[2026-03-19T08:59:33.201+0000] {logging_mixin.py:190} INFO - [2026-03-19T08:59:33.200+0000] {override.py:1900} INFO - Created Permission View: can read on DAG:hello
[2026-03-19T08:59:33.206+0000] {logging_mixin.py:190} INFO - [2026-03-19T08:59:33.206+0000] {override.py:1900} INFO - Created Permission View: can delete on DAG:hello
[2026-03-19T08:59:33.210+0000] {logging_mixin.py:190} INFO - [2026-03-19T08:59:33.210+0000] {override.py:1900} INFO - Created Permission View: can edit on DAG:hello
[2026-03-19T08:59:33.216+0000] {logging_mixin.py:190} INFO - [2026-03-19T08:59:33.216+0000] {override.py:1900} INFO - Created Permission View: can read on DAG Run:hello
[2026-03-19T08:59:33.220+0000] {logging_mixin.py:190} INFO - [2026-03-19T08:59:33.220+0000] {override.py:1900} INFO - Created Permission View: can create on DAG Run:hello
[2026-03-19T08:59:33.223+0000] {logging_mixin.py:190} INFO - [2026-03-19T08:59:33.223+0000] {override.py:1900} INFO - Created Permission View: menu access on DAG Run:hello
[2026-03-19T08:59:33.227+0000] {logging_mixin.py:190} INFO - [2026-03-19T08:59:33.226+0000] {override.py:1900} INFO - Created Permission View: can delete on DAG Run:hello
[2026-03-19T08:59:33.227+0000] {logging_mixin.py:190} INFO - [2026-03-19T08:59:33.227+0000] {dag.py:3229} INFO - Sync 1 DAGs
[2026-03-19T08:59:33.232+0000] {logging_mixin.py:190} INFO - [2026-03-19T08:59:33.232+0000] {dag.py:3252} INFO - Creating ORM DAG for hello
[2026-03-19T08:59:33.232+0000] {logging_mixin.py:190} INFO - [2026-03-19T08:59:33.232+0000] {dag.py:4156} INFO - Setting next_dagrun for hello to None, run_after=None
[2026-03-19T08:59:33.241+0000] {processor.py:208} INFO - Processing /opt/airflow/dags/pipeline.py took 0.100 seconds
[2026-03-19T09:00:04.409+0000] {processor.py:186} INFO - Started process (PID=107) to work on /opt/airflow/dags/pipeline.py
[2026-03-19T09:00:04.410+0000] {processor.py:914} INFO - Processing file /opt/airflow/dags/pipeline.py for tasks to queue
[2026-03-19T09:00:04.412+0000] {logging_mixin.py:190} INFO - [2026-03-19T09:00:04.412+0000] {dagbag.py:587} INFO - Filling up the DagBag from /opt/airflow/dags/pipeline.py
[2026-03-19T09:00:04.420+0000] {processor.py:925} INFO - DAG(s) 'hello' retrieved from /opt/airflow/dags/pipeline.py
[2026-03-19T09:00:04.438+0000] {logging_mixin.py:190} INFO - [2026-03-19T09:00:04.437+0000] {dag.py:3229} INFO - Sync 1 DAGs
[2026-03-19T09:00:04.445+0000] {logging_mixin.py:190} INFO - [2026-03-19T09:00:04.445+0000] {dag.py:4156} INFO - Setting next_dagrun for hello to None, run_after=None
[2026-03-19T09:00:04.453+0000] {processor.py:208} INFO - Processing /opt/airflow/dags/pipeline.py took 0.050 seconds
[2026-03-19T09:00:23.058+0000] {processor.py:186} INFO - Started process (PID=60) to work on /opt/airflow/dags/pipeline.py
[2026-03-19T09:00:23.058+0000] {processor.py:914} INFO - Processing file /opt/airflow/dags/pipeline.py for tasks to queue
[2026-03-19T09:00:23.059+0000] {logging_mixin.py:190} INFO - [2026-03-19T09:00:23.059+0000] {dagbag.py:587} INFO - Filling up the DagBag from /opt/airflow/dags/pipeline.py
[2026-03-19T09:00:23.064+0000] {processor.py:925} INFO - DAG(s) 'hello' retrieved from /opt/airflow/dags/pipeline.py
[2026-03-19T09:00:23.073+0000] {logging_mixin.py:190} INFO - [2026-03-19T09:00:23.073+0000] {dag.py:3229} INFO - Sync 1 DAGs
[2026-03-19T09:00:23.078+0000] {logging_mixin.py:190} INFO - [2026-03-19T09:00:23.078+0000] {dag.py:4156} INFO - Setting next_dagrun for hello to None, run_after=None
[2026-03-19T09:00:23.087+0000] {processor.py:208} INFO - Processing /opt/airflow/dags/pipeline.py took 0.032 seconds
[2026-03-19T09:00:53.296+0000] {processor.py:186} INFO - Started process (PID=82) to work on /opt/airflow/dags/pipeline.py
[2026-03-19T09:00:53.297+0000] {processor.py:914} INFO - Processing file /opt/airflow/dags/pipeline.py for tasks to queue
[2026-03-19T09:00:53.300+0000] {logging_mixin.py:190} INFO - [2026-03-19T09:00:53.299+0000] {dagbag.py:587} INFO - Filling up the DagBag from /opt/airflow/dags/pipeline.py
[2026-03-19T09:00:53.312+0000] {processor.py:925} INFO - DAG(s) 'hello' retrieved from /opt/airflow/dags/pipeline.py
[2026-03-19T09:00:53.330+0000] {logging_mixin.py:190} INFO - [2026-03-19T09:00:53.330+0000] {dag.py:3229} INFO - Sync 1 DAGs
[2026-03-19T09:00:53.337+0000] {logging_mixin.py:190} INFO - [2026-03-19T09:00:53.337+0000] {dag.py:4156} INFO - Setting next_dagrun for hello to None, run_after=None
[2026-03-19T09:00:53.345+0000] {processor.py:208} INFO - Processing /opt/airflow/dags/pipeline.py took 0.055 seconds
[2026-03-19T09:01:23.698+0000] {processor.py:186} INFO - Started process (PID=83) to work on /opt/airflow/dags/pipeline.py
[2026-03-19T09:01:23.699+0000] {processor.py:914} INFO - Processing file /opt/airflow/dags/pipeline.py for tasks to queue
[2026-03-19T09:01:23.701+0000] {logging_mixin.py:190} INFO - [2026-03-19T09:01:23.701+0000] {dagbag.py:587} INFO - Filling up the DagBag from /opt/airflow/dags/pipeline.py
[2026-03-19T09:01:23.712+0000] {processor.py:925} INFO - DAG(s) 'hello' retrieved from /opt/airflow/dags/pipeline.py
[2026-03-19T09:01:23.725+0000] {logging_mixin.py:190} INFO - [2026-03-19T09:01:23.725+0000] {dag.py:3229} INFO - Sync 1 DAGs
[2026-03-19T09:01:23.732+0000] {logging_mixin.py:190} INFO - [2026-03-19T09:01:23.731+0000] {dag.py:4156} INFO - Setting next_dagrun for hello to None, run_after=None
[2026-03-19T09:01:23.741+0000] {processor.py:208} INFO - Processing /opt/airflow/dags/pipeline.py took 0.049 seconds
[2026-03-19T09:01:54.105+0000] {processor.py:186} INFO - Started process (PID=84) to work on /opt/airflow/dags/pipeline.py
[2026-03-19T09:01:54.106+0000] {processor.py:914} INFO - Processing file /opt/airflow/dags/pipeline.py for tasks to queue
[2026-03-19T09:01:54.108+0000] {logging_mixin.py:190} INFO - [2026-03-19T09:01:54.107+0000] {dagbag.py:587} INFO - Filling up the DagBag from /opt/airflow/dags/pipeline.py
[2026-03-19T09:01:54.114+0000] {processor.py:925} INFO - DAG(s) 'hello' retrieved from /opt/airflow/dags/pipeline.py
[2026-03-19T09:01:54.128+0000] {logging_mixin.py:190} INFO - [2026-03-19T09:01:54.128+0000] {dag.py:3229} INFO - Sync 1 DAGs
[2026-03-19T09:01:54.134+0000] {logging_mixin.py:190} INFO - [2026-03-19T09:01:54.134+0000] {dag.py:4156} INFO - Setting next_dagrun for hello to None, run_after=None
[2026-03-19T09:01:54.147+0000] {processor.py:208} INFO - Processing /opt/airflow/dags/pipeline.py took 0.047 seconds
[2026-03-19T09:02:24.453+0000] {processor.py:186} INFO - Started process (PID=85) to work on /opt/airflow/dags/pipeline.py
[2026-03-19T09:02:24.454+0000] {processor.py:914} INFO - Processing file /opt/airflow/dags/pipeline.py for tasks to queue
[2026-03-19T09:02:24.456+0000] {logging_mixin.py:190} INFO - [2026-03-19T09:02:24.455+0000] {dagbag.py:587} INFO - Filling up the DagBag from /opt/airflow/dags/pipeline.py
[2026-03-19T09:02:24.463+0000] {processor.py:925} INFO - DAG(s) 'hello' retrieved from /opt/airflow/dags/pipeline.py
[2026-03-19T09:02:24.475+0000] {logging_mixin.py:190} INFO - [2026-03-19T09:02:24.475+0000] {dag.py:3229} INFO - Sync 1 DAGs
[2026-03-19T09:02:24.482+0000] {logging_mixin.py:190} INFO - [2026-03-19T09:02:24.482+0000] {dag.py:4156} INFO - Setting next_dagrun for hello to None, run_after=None
[2026-03-19T09:02:24.491+0000] {processor.py:208} INFO - Processing /opt/airflow/dags/pipeline.py took 0.044 seconds
[2026-03-19T09:02:40.750+0000] {processor.py:186} INFO - Started process (PID=86) to work on /opt/airflow/dags/pipeline.py
[2026-03-19T09:02:40.751+0000] {processor.py:914} INFO - Processing file /opt/airflow/dags/pipeline.py for tasks to queue
[2026-03-19T09:02:40.755+0000] {logging_mixin.py:190} INFO - [2026-03-19T09:02:40.755+0000] {dagbag.py:587} INFO - Filling up the DagBag from /opt/airflow/dags/pipeline.py
[2026-03-19T09:02:40.766+0000] {processor.py:925} INFO - DAG(s) 'pipeline_documentaire' retrieved from /opt/airflow/dags/pipeline.py
[2026-03-19T09:02:40.838+0000] {logging_mixin.py:190} INFO - [2026-03-19T09:02:40.838+0000] {dag.py:3229} INFO - Sync 1 DAGs
[2026-03-19T09:02:40.843+0000] {logging_mixin.py:190} INFO - [2026-03-19T09:02:40.843+0000] {dag.py:4156} INFO - Setting next_dagrun for pipeline_documentaire to None, run_after=None
[2026-03-19T09:02:40.855+0000] {processor.py:208} INFO - Processing /opt/airflow/dags/pipeline.py took 0.110 seconds
[2026-03-19T09:02:51.978+0000] {processor.py:186} INFO - Started process (PID=59) to work on /opt/airflow/dags/pipeline.py
[2026-03-19T09:02:51.979+0000] {processor.py:914} INFO - Processing file /opt/airflow/dags/pipeline.py for tasks to queue
[2026-03-19T09:02:51.980+0000] {logging_mixin.py:190} INFO - [2026-03-19T09:02:51.980+0000] {dagbag.py:587} INFO - Filling up the DagBag from /opt/airflow/dags/pipeline.py
[2026-03-19T09:02:51.985+0000] {processor.py:925} INFO - DAG(s) 'pipeline_documentaire' retrieved from /opt/airflow/dags/pipeline.py
[2026-03-19T09:02:51.990+0000] {logging_mixin.py:190} INFO - [2026-03-19T09:02:51.990+0000] {dag.py:3229} INFO - Sync 1 DAGs
[2026-03-19T09:02:51.995+0000] {logging_mixin.py:190} INFO - [2026-03-19T09:02:51.995+0000] {dag.py:4156} INFO - Setting next_dagrun for pipeline_documentaire to None, run_after=None
[2026-03-19T09:02:52.004+0000] {processor.py:208} INFO - Processing /opt/airflow/dags/pipeline.py took 0.028 seconds
[2026-03-19T09:03:23.103+0000] {processor.py:186} INFO - Started process (PID=92) to work on /opt/airflow/dags/pipeline.py
[2026-03-19T09:03:23.104+0000] {processor.py:914} INFO - Processing file /opt/airflow/dags/pipeline.py for tasks to queue
[2026-03-19T09:03:23.108+0000] {logging_mixin.py:190} INFO - [2026-03-19T09:03:23.107+0000] {dagbag.py:587} INFO - Filling up the DagBag from /opt/airflow/dags/pipeline.py
[2026-03-19T09:03:23.118+0000] {processor.py:925} INFO - DAG(s) 'pipeline_documentaire' retrieved from /opt/airflow/dags/pipeline.py
[2026-03-19T09:03:23.140+0000] {logging_mixin.py:190} INFO - [2026-03-19T09:03:23.139+0000] {dag.py:3229} INFO - Sync 1 DAGs
[2026-03-19T09:03:23.149+0000] {logging_mixin.py:190} INFO - [2026-03-19T09:03:23.149+0000] {dag.py:4156} INFO - Setting next_dagrun for pipeline_documentaire to None, run_after=None
[2026-03-19T09:03:23.161+0000] {processor.py:208} INFO - Processing /opt/airflow/dags/pipeline.py took 0.064 seconds
[2026-03-19T09:03:44.000+0000] {processor.py:186} INFO - Started process (PID=59) to work on /opt/airflow/dags/pipeline.py
[2026-03-19T09:03:44.001+0000] {processor.py:914} INFO - Processing file /opt/airflow/dags/pipeline.py for tasks to queue
[2026-03-19T09:03:44.002+0000] {logging_mixin.py:190} INFO - [2026-03-19T09:03:44.002+0000] {dagbag.py:587} INFO - Filling up the DagBag from /opt/airflow/dags/pipeline.py
[2026-03-19T09:03:44.008+0000] {processor.py:925} INFO - DAG(s) 'pipeline_documentaire' retrieved from /opt/airflow/dags/pipeline.py
[2026-03-19T09:03:44.030+0000] {logging_mixin.py:190} INFO - [2026-03-19T09:03:44.030+0000] {dag.py:3229} INFO - Sync 1 DAGs
[2026-03-19T09:03:44.036+0000] {logging_mixin.py:190} INFO - [2026-03-19T09:03:44.036+0000] {dag.py:4156} INFO - Setting next_dagrun for pipeline_documentaire to None, run_after=None
[2026-03-19T09:03:44.044+0000] {processor.py:208} INFO - Processing /opt/airflow/dags/pipeline.py took 0.047 seconds
[2026-03-19T09:04:14.148+0000] {processor.py:186} INFO - Started process (PID=82) to work on /opt/airflow/dags/pipeline.py
[2026-03-19T09:04:14.149+0000] {processor.py:914} INFO - Processing file /opt/airflow/dags/pipeline.py for tasks to queue
[2026-03-19T09:04:14.152+0000] {logging_mixin.py:190} INFO - [2026-03-19T09:04:14.152+0000] {dagbag.py:587} INFO - Filling up the DagBag from /opt/airflow/dags/pipeline.py
[2026-03-19T09:04:14.164+0000] {processor.py:925} INFO - DAG(s) 'pipeline_documentaire' retrieved from /opt/airflow/dags/pipeline.py
[2026-03-19T09:04:14.184+0000] {logging_mixin.py:190} INFO - [2026-03-19T09:04:14.184+0000] {dag.py:3229} INFO - Sync 1 DAGs
[2026-03-19T09:04:14.191+0000] {logging_mixin.py:190} INFO - [2026-03-19T09:04:14.191+0000] {dag.py:4156} INFO - Setting next_dagrun for pipeline_documentaire to None, run_after=None
[2026-03-19T09:04:14.199+0000] {processor.py:208} INFO - Processing /opt/airflow/dags/pipeline.py took 0.057 seconds
[2026-03-19T09:04:44.284+0000] {processor.py:186} INFO - Started process (PID=203) to work on /opt/airflow/dags/pipeline.py
[2026-03-19T09:04:44.285+0000] {processor.py:914} INFO - Processing file /opt/airflow/dags/pipeline.py for tasks to queue
[2026-03-19T09:04:44.286+0000] {logging_mixin.py:190} INFO - [2026-03-19T09:04:44.286+0000] {dagbag.py:587} INFO - Filling up the DagBag from /opt/airflow/dags/pipeline.py
[2026-03-19T09:04:44.297+0000] {processor.py:925} INFO - DAG(s) 'pipeline_documentaire' retrieved from /opt/airflow/dags/pipeline.py
[2026-03-19T09:04:44.313+0000] {logging_mixin.py:190} INFO - [2026-03-19T09:04:44.313+0000] {dag.py:3229} INFO - Sync 1 DAGs
[2026-03-19T09:04:44.319+0000] {logging_mixin.py:190} INFO - [2026-03-19T09:04:44.319+0000] {dag.py:4156} INFO - Setting next_dagrun for pipeline_documentaire to None, run_after=None
[2026-03-19T09:04:44.327+0000] {processor.py:208} INFO - Processing /opt/airflow/dags/pipeline.py took 0.048 seconds
[2026-03-19T09:05:14.524+0000] {processor.py:186} INFO - Started process (PID=204) to work on /opt/airflow/dags/pipeline.py
[2026-03-19T09:05:14.526+0000] {processor.py:914} INFO - Processing file /opt/airflow/dags/pipeline.py for tasks to queue
[2026-03-19T09:05:14.527+0000] {logging_mixin.py:190} INFO - [2026-03-19T09:05:14.527+0000] {dagbag.py:587} INFO - Filling up the DagBag from /opt/airflow/dags/pipeline.py
[2026-03-19T09:05:14.550+0000] {processor.py:925} INFO - DAG(s) 'pipeline_documentaire' retrieved from /opt/airflow/dags/pipeline.py
[2026-03-19T09:05:14.571+0000] {logging_mixin.py:190} INFO - [2026-03-19T09:05:14.571+0000] {dag.py:3229} INFO - Sync 1 DAGs
[2026-03-19T09:05:14.580+0000] {logging_mixin.py:190} INFO - [2026-03-19T09:05:14.580+0000] {dag.py:4156} INFO - Setting next_dagrun for pipeline_documentaire to None, run_after=None
[2026-03-19T09:05:14.596+0000] {processor.py:208} INFO - Processing /opt/airflow/dags/pipeline.py took 0.078 seconds
[2026-03-19T09:05:15.803+0000] {processor.py:186} INFO - Started process (PID=205) to work on /opt/airflow/dags/pipeline.py
[2026-03-19T09:05:15.804+0000] {processor.py:914} INFO - Processing file /opt/airflow/dags/pipeline.py for tasks to queue
[2026-03-19T09:05:15.805+0000] {logging_mixin.py:190} INFO - [2026-03-19T09:05:15.805+0000] {dagbag.py:587} INFO - Filling up the DagBag from /opt/airflow/dags/pipeline.py
[2026-03-19T09:05:15.817+0000] {processor.py:925} INFO - DAG(s) 'pipeline_documentaire' retrieved from /opt/airflow/dags/pipeline.py
[2026-03-19T09:05:15.836+0000] {logging_mixin.py:190} INFO - [2026-03-19T09:05:15.836+0000] {dag.py:3229} INFO - Sync 1 DAGs
[2026-03-19T09:05:15.842+0000] {logging_mixin.py:190} INFO - [2026-03-19T09:05:15.842+0000] {dag.py:4156} INFO - Setting next_dagrun for pipeline_documentaire to None, run_after=None
[2026-03-19T09:05:15.851+0000] {processor.py:208} INFO - Processing /opt/airflow/dags/pipeline.py took 0.053 seconds
[2026-03-19T09:05:46.087+0000] {processor.py:186} INFO - Started process (PID=206) to work on /opt/airflow/dags/pipeline.py
[2026-03-19T09:05:46.088+0000] {processor.py:914} INFO - Processing file /opt/airflow/dags/pipeline.py for tasks to queue
[2026-03-19T09:05:46.089+0000] {logging_mixin.py:190} INFO - [2026-03-19T09:05:46.089+0000] {dagbag.py:587} INFO - Filling up the DagBag from /opt/airflow/dags/pipeline.py
[2026-03-19T09:05:46.098+0000] {processor.py:925} INFO - DAG(s) 'pipeline_documentaire' retrieved from /opt/airflow/dags/pipeline.py
[2026-03-19T09:05:46.113+0000] {logging_mixin.py:190} INFO - [2026-03-19T09:05:46.112+0000] {dag.py:3229} INFO - Sync 1 DAGs
[2026-03-19T09:05:46.118+0000] {logging_mixin.py:190} INFO - [2026-03-19T09:05:46.118+0000] {dag.py:4156} INFO - Setting next_dagrun for pipeline_documentaire to None, run_after=None
[2026-03-19T09:05:46.127+0000] {processor.py:208} INFO - Processing /opt/airflow/dags/pipeline.py took 0.046 seconds
[2026-03-19T09:06:16.371+0000] {processor.py:186} INFO - Started process (PID=207) to work on /opt/airflow/dags/pipeline.py
[2026-03-19T09:06:16.372+0000] {processor.py:914} INFO - Processing file /opt/airflow/dags/pipeline.py for tasks to queue
[2026-03-19T09:06:16.373+0000] {logging_mixin.py:190} INFO - [2026-03-19T09:06:16.372+0000] {dagbag.py:587} INFO - Filling up the DagBag from /opt/airflow/dags/pipeline.py
[2026-03-19T09:06:16.383+0000] {processor.py:925} INFO - DAG(s) 'pipeline_documentaire' retrieved from /opt/airflow/dags/pipeline.py
[2026-03-19T09:06:16.398+0000] {logging_mixin.py:190} INFO - [2026-03-19T09:06:16.398+0000] {dag.py:3229} INFO - Sync 1 DAGs
[2026-03-19T09:06:16.404+0000] {logging_mixin.py:190} INFO - [2026-03-19T09:06:16.404+0000] {dag.py:4156} INFO - Setting next_dagrun for pipeline_documentaire to None, run_after=None
[2026-03-19T09:06:16.413+0000] {processor.py:208} INFO - Processing /opt/airflow/dags/pipeline.py took 0.048 seconds
[2026-03-19T09:06:46.661+0000] {processor.py:186} INFO - Started process (PID=208) to work on /opt/airflow/dags/pipeline.py
[2026-03-19T09:06:46.662+0000] {processor.py:914} INFO - Processing file /opt/airflow/dags/pipeline.py for tasks to queue
[2026-03-19T09:06:46.663+0000] {logging_mixin.py:190} INFO - [2026-03-19T09:06:46.663+0000] {dagbag.py:587} INFO - Filling up the DagBag from /opt/airflow/dags/pipeline.py
[2026-03-19T09:06:46.676+0000] {processor.py:925} INFO - DAG(s) 'pipeline_documentaire' retrieved from /opt/airflow/dags/pipeline.py
[2026-03-19T09:06:46.695+0000] {logging_mixin.py:190} INFO - [2026-03-19T09:06:46.695+0000] {dag.py:3229} INFO - Sync 1 DAGs
[2026-03-19T09:06:46.702+0000] {logging_mixin.py:190} INFO - [2026-03-19T09:06:46.702+0000] {dag.py:4156} INFO - Setting next_dagrun for pipeline_documentaire to None, run_after=None
[2026-03-19T09:06:46.711+0000] {processor.py:208} INFO - Processing /opt/airflow/dags/pipeline.py took 0.058 seconds
[2026-03-19T09:07:16.950+0000] {processor.py:186} INFO - Started process (PID=209) to work on /opt/airflow/dags/pipeline.py
[2026-03-19T09:07:16.951+0000] {processor.py:914} INFO - Processing file /opt/airflow/dags/pipeline.py for tasks to queue
[2026-03-19T09:07:16.952+0000] {logging_mixin.py:190} INFO - [2026-03-19T09:07:16.952+0000] {dagbag.py:587} INFO - Filling up the DagBag from /opt/airflow/dags/pipeline.py
[2026-03-19T09:07:16.962+0000] {processor.py:925} INFO - DAG(s) 'pipeline_documentaire' retrieved from /opt/airflow/dags/pipeline.py
[2026-03-19T09:07:16.978+0000] {logging_mixin.py:190} INFO - [2026-03-19T09:07:16.978+0000] {dag.py:3229} INFO - Sync 1 DAGs
[2026-03-19T09:07:16.985+0000] {logging_mixin.py:190} INFO - [2026-03-19T09:07:16.985+0000] {dag.py:4156} INFO - Setting next_dagrun for pipeline_documentaire to None, run_after=None
[2026-03-19T09:07:16.994+0000] {processor.py:208} INFO - Processing /opt/airflow/dags/pipeline.py took 0.050 seconds
[2026-03-19T09:07:47.243+0000] {processor.py:186} INFO - Started process (PID=210) to work on /opt/airflow/dags/pipeline.py
[2026-03-19T09:07:47.243+0000] {processor.py:914} INFO - Processing file /opt/airflow/dags/pipeline.py for tasks to queue
[2026-03-19T09:07:47.245+0000] {logging_mixin.py:190} INFO - [2026-03-19T09:07:47.244+0000] {dagbag.py:587} INFO - Filling up the DagBag from /opt/airflow/dags/pipeline.py
[2026-03-19T09:07:47.254+0000] {processor.py:925} INFO - DAG(s) 'pipeline_documentaire' retrieved from /opt/airflow/dags/pipeline.py
[2026-03-19T09:07:47.268+0000] {logging_mixin.py:190} INFO - [2026-03-19T09:07:47.268+0000] {dag.py:3229} INFO - Sync 1 DAGs
[2026-03-19T09:07:47.275+0000] {logging_mixin.py:190} INFO - [2026-03-19T09:07:47.275+0000] {dag.py:4156} INFO - Setting next_dagrun for pipeline_documentaire to None, run_after=None
[2026-03-19T09:07:47.285+0000] {processor.py:208} INFO - Processing /opt/airflow/dags/pipeline.py took 0.048 seconds
[2026-03-19T09:08:17.541+0000] {processor.py:186} INFO - Started process (PID=211) to work on /opt/airflow/dags/pipeline.py
[2026-03-19T09:08:17.542+0000] {processor.py:914} INFO - Processing file /opt/airflow/dags/pipeline.py for tasks to queue
[2026-03-19T09:08:17.543+0000] {logging_mixin.py:190} INFO - [2026-03-19T09:08:17.543+0000] {dagbag.py:587} INFO - Filling up the DagBag from /opt/airflow/dags/pipeline.py
[2026-03-19T09:08:17.557+0000] {processor.py:925} INFO - DAG(s) 'pipeline_documentaire' retrieved from /opt/airflow/dags/pipeline.py
[2026-03-19T09:08:17.579+0000] {logging_mixin.py:190} INFO - [2026-03-19T09:08:17.579+0000] {dag.py:3229} INFO - Sync 1 DAGs
[2026-03-19T09:08:17.590+0000] {logging_mixin.py:190} INFO - [2026-03-19T09:08:17.589+0000] {dag.py:4156} INFO - Setting next_dagrun for pipeline_documentaire to None, run_after=None
[2026-03-19T09:08:17.607+0000] {processor.py:208} INFO - Processing /opt/airflow/dags/pipeline.py took 0.074 seconds
[2026-03-19T09:08:47.768+0000] {processor.py:186} INFO - Started process (PID=212) to work on /opt/airflow/dags/pipeline.py
[2026-03-19T09:08:47.769+0000] {processor.py:914} INFO - Processing file /opt/airflow/dags/pipeline.py for tasks to queue
[2026-03-19T09:08:47.770+0000] {logging_mixin.py:190} INFO - [2026-03-19T09:08:47.770+0000] {dagbag.py:587} INFO - Filling up the DagBag from /opt/airflow/dags/pipeline.py
[2026-03-19T09:08:47.779+0000] {processor.py:925} INFO - DAG(s) 'pipeline_documentaire' retrieved from /opt/airflow/dags/pipeline.py
[2026-03-19T09:08:47.793+0000] {logging_mixin.py:190} INFO - [2026-03-19T09:08:47.793+0000] {dag.py:3229} INFO - Sync 1 DAGs
[2026-03-19T09:08:47.799+0000] {logging_mixin.py:190} INFO - [2026-03-19T09:08:47.799+0000] {dag.py:4156} INFO - Setting next_dagrun for pipeline_documentaire to None, run_after=None
[2026-03-19T09:08:47.808+0000] {processor.py:208} INFO - Processing /opt/airflow/dags/pipeline.py took 0.046 seconds
[2026-03-19T09:09:18.074+0000] {processor.py:186} INFO - Started process (PID=213) to work on /opt/airflow/dags/pipeline.py
[2026-03-19T09:09:18.075+0000] {processor.py:914} INFO - Processing file /opt/airflow/dags/pipeline.py for tasks to queue
[2026-03-19T09:09:18.077+0000] {logging_mixin.py:190} INFO - [2026-03-19T09:09:18.076+0000] {dagbag.py:587} INFO - Filling up the DagBag from /opt/airflow/dags/pipeline.py
[2026-03-19T09:09:18.090+0000] {processor.py:925} INFO - DAG(s) 'pipeline_documentaire' retrieved from /opt/airflow/dags/pipeline.py
[2026-03-19T09:09:18.110+0000] {logging_mixin.py:190} INFO - [2026-03-19T09:09:18.110+0000] {dag.py:3229} INFO - Sync 1 DAGs
[2026-03-19T09:09:18.117+0000] {logging_mixin.py:190} INFO - [2026-03-19T09:09:18.117+0000] {dag.py:4156} INFO - Setting next_dagrun for pipeline_documentaire to None, run_after=None
[2026-03-19T09:09:18.125+0000] {processor.py:208} INFO - Processing /opt/airflow/dags/pipeline.py took 0.060 seconds
[2026-03-19T09:09:48.332+0000] {processor.py:186} INFO - Started process (PID=214) to work on /opt/airflow/dags/pipeline.py
[2026-03-19T09:09:48.333+0000] {processor.py:914} INFO - Processing file /opt/airflow/dags/pipeline.py for tasks to queue
[2026-03-19T09:09:48.334+0000] {logging_mixin.py:190} INFO - [2026-03-19T09:09:48.334+0000] {dagbag.py:587} INFO - Filling up the DagBag from /opt/airflow/dags/pipeline.py
[2026-03-19T09:09:48.343+0000] {processor.py:925} INFO - DAG(s) 'pipeline_documentaire' retrieved from /opt/airflow/dags/pipeline.py
[2026-03-19T09:09:48.357+0000] {logging_mixin.py:190} INFO - [2026-03-19T09:09:48.357+0000] {dag.py:3229} INFO - Sync 1 DAGs
[2026-03-19T09:09:48.362+0000] {logging_mixin.py:190} INFO - [2026-03-19T09:09:48.362+0000] {dag.py:4156} INFO - Setting next_dagrun for pipeline_documentaire to None, run_after=None
[2026-03-19T09:09:48.371+0000] {processor.py:208} INFO - Processing /opt/airflow/dags/pipeline.py took 0.044 seconds
[2026-03-19T09:10:18.618+0000] {processor.py:186} INFO - Started process (PID=215) to work on /opt/airflow/dags/pipeline.py
[2026-03-19T09:10:18.619+0000] {processor.py:914} INFO - Processing file /opt/airflow/dags/pipeline.py for tasks to queue
[2026-03-19T09:10:18.620+0000] {logging_mixin.py:190} INFO - [2026-03-19T09:10:18.619+0000] {dagbag.py:587} INFO - Filling up the DagBag from /opt/airflow/dags/pipeline.py
[2026-03-19T09:10:18.630+0000] {processor.py:925} INFO - DAG(s) 'pipeline_documentaire' retrieved from /opt/airflow/dags/pipeline.py
[2026-03-19T09:10:18.655+0000] {logging_mixin.py:190} INFO - [2026-03-19T09:10:18.655+0000] {dag.py:3229} INFO - Sync 1 DAGs
[2026-03-19T09:10:18.663+0000] {logging_mixin.py:190} INFO - [2026-03-19T09:10:18.662+0000] {dag.py:4156} INFO - Setting next_dagrun for pipeline_documentaire to None, run_after=None
[2026-03-19T09:10:18.673+0000] {processor.py:208} INFO - Processing /opt/airflow/dags/pipeline.py took 0.062 seconds
[2026-03-19T09:10:48.914+0000] {processor.py:186} INFO - Started process (PID=217) to work on /opt/airflow/dags/pipeline.py
[2026-03-19T09:10:48.915+0000] {processor.py:914} INFO - Processing file /opt/airflow/dags/pipeline.py for tasks to queue
[2026-03-19T09:10:48.916+0000] {logging_mixin.py:190} INFO - [2026-03-19T09:10:48.916+0000] {dagbag.py:587} INFO - Filling up the DagBag from /opt/airflow/dags/pipeline.py
[2026-03-19T09:10:48.930+0000] {processor.py:925} INFO - DAG(s) 'pipeline_documentaire' retrieved from /opt/airflow/dags/pipeline.py
[2026-03-19T09:10:48.950+0000] {logging_mixin.py:190} INFO - [2026-03-19T09:10:48.949+0000] {dag.py:3229} INFO - Sync 1 DAGs
[2026-03-19T09:10:48.956+0000] {logging_mixin.py:190} INFO - [2026-03-19T09:10:48.956+0000] {dag.py:4156} INFO - Setting next_dagrun for pipeline_documentaire to None, run_after=None
[2026-03-19T09:10:48.965+0000] {processor.py:208} INFO - Processing /opt/airflow/dags/pipeline.py took 0.059 seconds
[2026-03-19T09:11:05.086+0000] {processor.py:186} INFO - Started process (PID=218) to work on /opt/airflow/dags/pipeline.py
[2026-03-19T09:11:05.087+0000] {processor.py:914} INFO - Processing file /opt/airflow/dags/pipeline.py for tasks to queue
[2026-03-19T09:11:05.088+0000] {logging_mixin.py:190} INFO - [2026-03-19T09:11:05.088+0000] {dagbag.py:587} INFO - Filling up the DagBag from /opt/airflow/dags/pipeline.py
[2026-03-19T09:11:05.096+0000] {processor.py:925} INFO - DAG(s) 'pipeline_documentaire' retrieved from /opt/airflow/dags/pipeline.py
[2026-03-19T09:11:05.110+0000] {logging_mixin.py:190} INFO - [2026-03-19T09:11:05.110+0000] {dag.py:3229} INFO - Sync 1 DAGs
[2026-03-19T09:11:05.116+0000] {logging_mixin.py:190} INFO - [2026-03-19T09:11:05.116+0000] {dag.py:4156} INFO - Setting next_dagrun for pipeline_documentaire to None, run_after=None
[2026-03-19T09:11:05.127+0000] {processor.py:208} INFO - Processing /opt/airflow/dags/pipeline.py took 0.046 seconds
[2026-03-19T09:11:21.428+0000] {processor.py:186} INFO - Started process (PID=219) to work on /opt/airflow/dags/pipeline.py
[2026-03-19T09:11:21.429+0000] {processor.py:914} INFO - Processing file /opt/airflow/dags/pipeline.py for tasks to queue
[2026-03-19T09:11:21.431+0000] {logging_mixin.py:190} INFO - [2026-03-19T09:11:21.430+0000] {dagbag.py:587} INFO - Filling up the DagBag from /opt/airflow/dags/pipeline.py
[2026-03-19T09:11:21.444+0000] {processor.py:925} INFO - DAG(s) 'pipeline_documentaire' retrieved from /opt/airflow/dags/pipeline.py
[2026-03-19T09:11:21.466+0000] {logging_mixin.py:190} INFO - [2026-03-19T09:11:21.466+0000] {dag.py:3229} INFO - Sync 1 DAGs
[2026-03-19T09:11:21.474+0000] {logging_mixin.py:190} INFO - [2026-03-19T09:11:21.473+0000] {dag.py:4156} INFO - Setting next_dagrun for pipeline_documentaire to None, run_after=None
[2026-03-19T09:11:21.483+0000] {processor.py:208} INFO - Processing /opt/airflow/dags/pipeline.py took 0.062 seconds
[2026-03-19T09:11:52.519+0000] {processor.py:186} INFO - Started process (PID=220) to work on /opt/airflow/dags/pipeline.py
[2026-03-19T09:11:52.520+0000] {processor.py:914} INFO - Processing file /opt/airflow/dags/pipeline.py for tasks to queue
[2026-03-19T09:11:52.522+0000] {logging_mixin.py:190} INFO - [2026-03-19T09:11:52.521+0000] {dagbag.py:587} INFO - Filling up the DagBag from /opt/airflow/dags/pipeline.py
[2026-03-19T09:11:52.541+0000] {processor.py:925} INFO - DAG(s) 'pipeline_documentaire' retrieved from /opt/airflow/dags/pipeline.py
[2026-03-19T09:11:52.562+0000] {logging_mixin.py:190} INFO - [2026-03-19T09:11:52.562+0000] {dag.py:3229} INFO - Sync 1 DAGs
[2026-03-19T09:11:52.573+0000] {logging_mixin.py:190} INFO - [2026-03-19T09:11:52.573+0000] {dag.py:4156} INFO - Setting next_dagrun for pipeline_documentaire to None, run_after=None
[2026-03-19T09:11:52.582+0000] {processor.py:208} INFO - Processing /opt/airflow/dags/pipeline.py took 0.074 seconds
[2026-03-19T09:12:23.637+0000] {processor.py:186} INFO - Started process (PID=221) to work on /opt/airflow/dags/pipeline.py
[2026-03-19T09:12:23.638+0000] {processor.py:914} INFO - Processing file /opt/airflow/dags/pipeline.py for tasks to queue
[2026-03-19T09:12:23.639+0000] {logging_mixin.py:190} INFO - [2026-03-19T09:12:23.639+0000] {dagbag.py:587} INFO - Filling up the DagBag from /opt/airflow/dags/pipeline.py
[2026-03-19T09:12:23.647+0000] {processor.py:925} INFO - DAG(s) 'pipeline_documentaire' retrieved from /opt/airflow/dags/pipeline.py
[2026-03-19T09:12:23.663+0000] {logging_mixin.py:190} INFO - [2026-03-19T09:12:23.663+0000] {dag.py:3229} INFO - Sync 1 DAGs
[2026-03-19T09:12:23.670+0000] {logging_mixin.py:190} INFO - [2026-03-19T09:12:23.670+0000] {dag.py:4156} INFO - Setting next_dagrun for pipeline_documentaire to None, run_after=None
[2026-03-19T09:12:23.679+0000] {processor.py:208} INFO - Processing /opt/airflow/dags/pipeline.py took 0.047 seconds
[2026-03-19T09:12:54.081+0000] {processor.py:186} INFO - Started process (PID=222) to work on /opt/airflow/dags/pipeline.py
[2026-03-19T09:12:54.082+0000] {processor.py:914} INFO - Processing file /opt/airflow/dags/pipeline.py for tasks to queue
[2026-03-19T09:12:54.083+0000] {logging_mixin.py:190} INFO - [2026-03-19T09:12:54.083+0000] {dagbag.py:587} INFO - Filling up the DagBag from /opt/airflow/dags/pipeline.py
[2026-03-19T09:12:54.096+0000] {processor.py:925} INFO - DAG(s) 'pipeline_documentaire' retrieved from /opt/airflow/dags/pipeline.py
[2026-03-19T09:12:54.115+0000] {logging_mixin.py:190} INFO - [2026-03-19T09:12:54.115+0000] {dag.py:3229} INFO - Sync 1 DAGs
[2026-03-19T09:12:54.126+0000] {logging_mixin.py:190} INFO - [2026-03-19T09:12:54.126+0000] {dag.py:4156} INFO - Setting next_dagrun for pipeline_documentaire to None, run_after=None
[2026-03-19T09:12:54.135+0000] {processor.py:208} INFO - Processing /opt/airflow/dags/pipeline.py took 0.060 seconds
[2026-03-19T09:13:24.452+0000] {processor.py:186} INFO - Started process (PID=223) to work on /opt/airflow/dags/pipeline.py
[2026-03-19T09:13:24.453+0000] {processor.py:914} INFO - Processing file /opt/airflow/dags/pipeline.py for tasks to queue
[2026-03-19T09:13:24.454+0000] {logging_mixin.py:190} INFO - [2026-03-19T09:13:24.453+0000] {dagbag.py:587} INFO - Filling up the DagBag from /opt/airflow/dags/pipeline.py
[2026-03-19T09:13:24.462+0000] {processor.py:925} INFO - DAG(s) 'pipeline_documentaire' retrieved from /opt/airflow/dags/pipeline.py
[2026-03-19T09:13:24.476+0000] {logging_mixin.py:190} INFO - [2026-03-19T09:13:24.476+0000] {dag.py:3229} INFO - Sync 1 DAGs
[2026-03-19T09:13:24.482+0000] {logging_mixin.py:190} INFO - [2026-03-19T09:13:24.482+0000] {dag.py:4156} INFO - Setting next_dagrun for pipeline_documentaire to None, run_after=None
[2026-03-19T09:13:24.493+0000] {processor.py:208} INFO - Processing /opt/airflow/dags/pipeline.py took 0.045 seconds
[2026-03-19T09:13:54.870+0000] {processor.py:186} INFO - Started process (PID=224) to work on /opt/airflow/dags/pipeline.py
[2026-03-19T09:13:54.871+0000] {processor.py:914} INFO - Processing file /opt/airflow/dags/pipeline.py for tasks to queue
[2026-03-19T09:13:54.873+0000] {logging_mixin.py:190} INFO - [2026-03-19T09:13:54.872+0000] {dagbag.py:587} INFO - Filling up the DagBag from /opt/airflow/dags/pipeline.py
[2026-03-19T09:13:54.902+0000] {processor.py:925} INFO - DAG(s) 'pipeline_documentaire' retrieved from /opt/airflow/dags/pipeline.py
[2026-03-19T09:13:54.919+0000] {logging_mixin.py:190} INFO - [2026-03-19T09:13:54.919+0000] {dag.py:3229} INFO - Sync 1 DAGs
[2026-03-19T09:13:54.926+0000] {logging_mixin.py:190} INFO - [2026-03-19T09:13:54.926+0000] {dag.py:4156} INFO - Setting next_dagrun for pipeline_documentaire to None, run_after=None
[2026-03-19T09:13:54.933+0000] {processor.py:208} INFO - Processing /opt/airflow/dags/pipeline.py took 0.070 seconds
[2026-03-19T09:14:25.025+0000] {processor.py:186} INFO - Started process (PID=225) to work on /opt/airflow/dags/pipeline.py
[2026-03-19T09:14:25.027+0000] {processor.py:914} INFO - Processing file /opt/airflow/dags/pipeline.py for tasks to queue
[2026-03-19T09:14:25.029+0000] {logging_mixin.py:190} INFO - [2026-03-19T09:14:25.028+0000] {dagbag.py:587} INFO - Filling up the DagBag from /opt/airflow/dags/pipeline.py
[2026-03-19T09:14:25.056+0000] {processor.py:925} INFO - DAG(s) 'pipeline_documentaire' retrieved from /opt/airflow/dags/pipeline.py
[2026-03-19T09:14:25.080+0000] {logging_mixin.py:190} INFO - [2026-03-19T09:14:25.080+0000] {dag.py:3229} INFO - Sync 1 DAGs
[2026-03-19T09:14:25.098+0000] {logging_mixin.py:190} INFO - [2026-03-19T09:14:25.098+0000] {dag.py:4156} INFO - Setting next_dagrun for pipeline_documentaire to None, run_after=None
[2026-03-19T09:14:25.111+0000] {processor.py:208} INFO - Processing /opt/airflow/dags/pipeline.py took 0.099 seconds
[2026-03-19T09:14:55.527+0000] {processor.py:186} INFO - Started process (PID=226) to work on /opt/airflow/dags/pipeline.py
[2026-03-19T09:14:55.528+0000] {processor.py:914} INFO - Processing file /opt/airflow/dags/pipeline.py for tasks to queue
[2026-03-19T09:14:55.530+0000] {logging_mixin.py:190} INFO - [2026-03-19T09:14:55.529+0000] {dagbag.py:587} INFO - Filling up the DagBag from /opt/airflow/dags/pipeline.py
[2026-03-19T09:14:55.548+0000] {processor.py:925} INFO - DAG(s) 'pipeline_documentaire' retrieved from /opt/airflow/dags/pipeline.py
[2026-03-19T09:14:55.574+0000] {logging_mixin.py:190} INFO - [2026-03-19T09:14:55.573+0000] {dag.py:3229} INFO - Sync 1 DAGs
[2026-03-19T09:14:55.585+0000] {logging_mixin.py:190} INFO - [2026-03-19T09:14:55.585+0000] {dag.py:4156} INFO - Setting next_dagrun for pipeline_documentaire to None, run_after=None
[2026-03-19T09:14:55.598+0000] {processor.py:208} INFO - Processing /opt/airflow/dags/pipeline.py took 0.078 seconds
[2026-03-19T09:15:25.949+0000] {processor.py:186} INFO - Started process (PID=228) to work on /opt/airflow/dags/pipeline.py
[2026-03-19T09:15:25.951+0000] {processor.py:914} INFO - Processing file /opt/airflow/dags/pipeline.py for tasks to queue
[2026-03-19T09:15:25.953+0000] {logging_mixin.py:190} INFO - [2026-03-19T09:15:25.952+0000] {dagbag.py:587} INFO - Filling up the DagBag from /opt/airflow/dags/pipeline.py
[2026-03-19T09:15:25.968+0000] {processor.py:925} INFO - DAG(s) 'pipeline_documentaire' retrieved from /opt/airflow/dags/pipeline.py
[2026-03-19T09:15:25.991+0000] {logging_mixin.py:190} INFO - [2026-03-19T09:15:25.991+0000] {dag.py:3229} INFO - Sync 1 DAGs
[2026-03-19T09:15:26.003+0000] {logging_mixin.py:190} INFO - [2026-03-19T09:15:26.003+0000] {dag.py:4156} INFO - Setting next_dagrun for pipeline_documentaire to None, run_after=None
[2026-03-19T09:15:26.015+0000] {processor.py:208} INFO - Processing /opt/airflow/dags/pipeline.py took 0.078 seconds
[2026-03-19T09:15:56.335+0000] {processor.py:186} INFO - Started process (PID=229) to work on /opt/airflow/dags/pipeline.py
[2026-03-19T09:15:56.345+0000] {processor.py:914} INFO - Processing file /opt/airflow/dags/pipeline.py for tasks to queue
[2026-03-19T09:15:56.346+0000] {logging_mixin.py:190} INFO - [2026-03-19T09:15:56.346+0000] {dagbag.py:587} INFO - Filling up the DagBag from /opt/airflow/dags/pipeline.py
[2026-03-19T09:15:56.368+0000] {processor.py:925} INFO - DAG(s) 'pipeline_documentaire' retrieved from /opt/airflow/dags/pipeline.py
[2026-03-19T09:15:56.406+0000] {logging_mixin.py:190} INFO - [2026-03-19T09:15:56.406+0000] {dag.py:3229} INFO - Sync 1 DAGs
[2026-03-19T09:15:56.417+0000] {logging_mixin.py:190} INFO - [2026-03-19T09:15:56.417+0000] {dag.py:4156} INFO - Setting next_dagrun for pipeline_documentaire to None, run_after=None
[2026-03-19T09:15:56.430+0000] {processor.py:208} INFO - Processing /opt/airflow/dags/pipeline.py took 0.105 seconds
[2026-03-19T09:16:26.833+0000] {processor.py:186} INFO - Started process (PID=230) to work on /opt/airflow/dags/pipeline.py
[2026-03-19T09:16:26.835+0000] {processor.py:914} INFO - Processing file /opt/airflow/dags/pipeline.py for tasks to queue
[2026-03-19T09:16:26.837+0000] {logging_mixin.py:190} INFO - [2026-03-19T09:16:26.836+0000] {dagbag.py:587} INFO - Filling up the DagBag from /opt/airflow/dags/pipeline.py
[2026-03-19T09:16:26.849+0000] {processor.py:925} INFO - DAG(s) 'pipeline_documentaire' retrieved from /opt/airflow/dags/pipeline.py
[2026-03-19T09:16:26.870+0000] {logging_mixin.py:190} INFO - [2026-03-19T09:16:26.870+0000] {dag.py:3229} INFO - Sync 1 DAGs
[2026-03-19T09:16:26.877+0000] {logging_mixin.py:190} INFO - [2026-03-19T09:16:26.877+0000] {dag.py:4156} INFO - Setting next_dagrun for pipeline_documentaire to None, run_after=None
[2026-03-19T09:16:26.885+0000] {processor.py:208} INFO - Processing /opt/airflow/dags/pipeline.py took 0.059 seconds
[2026-03-19T09:16:52.308+0000] {processor.py:186} INFO - Started process (PID=60) to work on /opt/airflow/dags/pipeline.py
[2026-03-19T09:16:52.308+0000] {processor.py:914} INFO - Processing file /opt/airflow/dags/pipeline.py for tasks to queue
[2026-03-19T09:16:52.310+0000] {logging_mixin.py:190} INFO - [2026-03-19T09:16:52.309+0000] {dagbag.py:587} INFO - Filling up the DagBag from /opt/airflow/dags/pipeline.py
[2026-03-19T09:16:52.320+0000] {processor.py:925} INFO - DAG(s) 'pipeline_documentaire' retrieved from /opt/airflow/dags/pipeline.py
[2026-03-19T09:16:52.338+0000] {logging_mixin.py:190} INFO - [2026-03-19T09:16:52.338+0000] {dag.py:3229} INFO - Sync 1 DAGs
[2026-03-19T09:16:52.345+0000] {logging_mixin.py:190} INFO - [2026-03-19T09:16:52.345+0000] {dag.py:4156} INFO - Setting next_dagrun for pipeline_documentaire to None, run_after=None
[2026-03-19T09:16:52.353+0000] {processor.py:208} INFO - Processing /opt/airflow/dags/pipeline.py took 0.048 seconds
[2026-03-19T09:17:22.455+0000] {processor.py:186} INFO - Started process (PID=71) to work on /opt/airflow/dags/pipeline.py
[2026-03-19T09:17:22.457+0000] {processor.py:914} INFO - Processing file /opt/airflow/dags/pipeline.py for tasks to queue
[2026-03-19T09:17:22.463+0000] {logging_mixin.py:190} INFO - [2026-03-19T09:17:22.462+0000] {dagbag.py:587} INFO - Filling up the DagBag from /opt/airflow/dags/pipeline.py
[2026-03-19T09:17:22.485+0000] {processor.py:925} INFO - DAG(s) 'pipeline_documentaire' retrieved from /opt/airflow/dags/pipeline.py
[2026-03-19T09:17:22.507+0000] {logging_mixin.py:190} INFO - [2026-03-19T09:17:22.507+0000] {dag.py:3229} INFO - Sync 1 DAGs
[2026-03-19T09:17:22.517+0000] {logging_mixin.py:190} INFO - [2026-03-19T09:17:22.517+0000] {dag.py:4156} INFO - Setting next_dagrun for pipeline_documentaire to None, run_after=None
[2026-03-19T09:17:22.527+0000] {processor.py:208} INFO - Processing /opt/airflow/dags/pipeline.py took 0.078 seconds
[2026-03-19T09:18:15.613+0000] {processor.py:186} INFO - Started process (PID=60) to work on /opt/airflow/dags/pipeline.py
[2026-03-19T09:18:15.613+0000] {processor.py:914} INFO - Processing file /opt/airflow/dags/pipeline.py for tasks to queue
[2026-03-19T09:18:15.614+0000] {logging_mixin.py:190} INFO - [2026-03-19T09:18:15.614+0000] {dagbag.py:587} INFO - Filling up the DagBag from /opt/airflow/dags/pipeline.py
[2026-03-19T09:18:15.620+0000] {processor.py:925} INFO - DAG(s) 'pipeline_documentaire' retrieved from /opt/airflow/dags/pipeline.py
[2026-03-19T09:18:15.636+0000] {logging_mixin.py:190} INFO - [2026-03-19T09:18:15.636+0000] {dag.py:3229} INFO - Sync 1 DAGs
[2026-03-19T09:18:15.643+0000] {logging_mixin.py:190} INFO - [2026-03-19T09:18:15.643+0000] {dag.py:4156} INFO - Setting next_dagrun for pipeline_documentaire to None, run_after=None
[2026-03-19T09:18:15.652+0000] {processor.py:208} INFO - Processing /opt/airflow/dags/pipeline.py took 0.043 seconds
[2026-03-19T09:18:45.769+0000] {processor.py:186} INFO - Started process (PID=82) to work on /opt/airflow/dags/pipeline.py
[2026-03-19T09:18:45.770+0000] {processor.py:914} INFO - Processing file /opt/airflow/dags/pipeline.py for tasks to queue
[2026-03-19T09:18:45.772+0000] {logging_mixin.py:190} INFO - [2026-03-19T09:18:45.772+0000] {dagbag.py:587} INFO - Filling up the DagBag from /opt/airflow/dags/pipeline.py
[2026-03-19T09:18:45.783+0000] {processor.py:925} INFO - DAG(s) 'pipeline_documentaire' retrieved from /opt/airflow/dags/pipeline.py
[2026-03-19T09:18:45.798+0000] {logging_mixin.py:190} INFO - [2026-03-19T09:18:45.798+0000] {dag.py:3229} INFO - Sync 1 DAGs
[2026-03-19T09:18:45.805+0000] {logging_mixin.py:190} INFO - [2026-03-19T09:18:45.805+0000] {dag.py:4156} INFO - Setting next_dagrun for pipeline_documentaire to None, run_after=None
[2026-03-19T09:18:45.814+0000] {processor.py:208} INFO - Processing /opt/airflow/dags/pipeline.py took 0.051 seconds
[2026-03-19T09:19:16.155+0000] {processor.py:186} INFO - Started process (PID=83) to work on /opt/airflow/dags/pipeline.py
[2026-03-19T09:19:16.156+0000] {processor.py:914} INFO - Processing file /opt/airflow/dags/pipeline.py for tasks to queue
[2026-03-19T09:19:16.159+0000] {logging_mixin.py:190} INFO - [2026-03-19T09:19:16.159+0000] {dagbag.py:587} INFO - Filling up the DagBag from /opt/airflow/dags/pipeline.py
[2026-03-19T09:19:16.167+0000] {processor.py:925} INFO - DAG(s) 'pipeline_documentaire' retrieved from /opt/airflow/dags/pipeline.py
[2026-03-19T09:19:16.201+0000] {logging_mixin.py:190} INFO - [2026-03-19T09:19:16.201+0000] {dag.py:3229} INFO - Sync 1 DAGs
[2026-03-19T09:19:16.217+0000] {logging_mixin.py:190} INFO - [2026-03-19T09:19:16.217+0000] {dag.py:4156} INFO - Setting next_dagrun for pipeline_documentaire to None, run_after=None
[2026-03-19T09:19:16.230+0000] {processor.py:208} INFO - Processing /opt/airflow/dags/pipeline.py took 0.082 seconds
[2026-03-19T09:19:46.548+0000] {processor.py:186} INFO - Started process (PID=84) to work on /opt/airflow/dags/pipeline.py
[2026-03-19T09:19:46.552+0000] {processor.py:914} INFO - Processing file /opt/airflow/dags/pipeline.py for tasks to queue
[2026-03-19T09:19:46.556+0000] {logging_mixin.py:190} INFO - [2026-03-19T09:19:46.556+0000] {dagbag.py:587} INFO - Filling up the DagBag from /opt/airflow/dags/pipeline.py
[2026-03-19T09:19:46.583+0000] {processor.py:925} INFO - DAG(s) 'pipeline_documentaire' retrieved from /opt/airflow/dags/pipeline.py
[2026-03-19T09:19:46.629+0000] {logging_mixin.py:190} INFO - [2026-03-19T09:19:46.629+0000] {dag.py:3229} INFO - Sync 1 DAGs
[2026-03-19T09:19:46.647+0000] {logging_mixin.py:190} INFO - [2026-03-19T09:19:46.647+0000] {dag.py:4156} INFO - Setting next_dagrun for pipeline_documentaire to None, run_after=None
[2026-03-19T09:19:46.663+0000] {processor.py:208} INFO - Processing /opt/airflow/dags/pipeline.py took 0.123 seconds
[2026-03-19T09:20:17.026+0000] {processor.py:186} INFO - Started process (PID=85) to work on /opt/airflow/dags/pipeline.py
[2026-03-19T09:20:17.027+0000] {processor.py:914} INFO - Processing file /opt/airflow/dags/pipeline.py for tasks to queue
[2026-03-19T09:20:17.029+0000] {logging_mixin.py:190} INFO - [2026-03-19T09:20:17.029+0000] {dagbag.py:587} INFO - Filling up the DagBag from /opt/airflow/dags/pipeline.py
[2026-03-19T09:20:17.039+0000] {processor.py:925} INFO - DAG(s) 'pipeline_documentaire' retrieved from /opt/airflow/dags/pipeline.py
[2026-03-19T09:20:17.057+0000] {logging_mixin.py:190} INFO - [2026-03-19T09:20:17.056+0000] {dag.py:3229} INFO - Sync 1 DAGs
[2026-03-19T09:20:17.062+0000] {logging_mixin.py:190} INFO - [2026-03-19T09:20:17.062+0000] {dag.py:4156} INFO - Setting next_dagrun for pipeline_documentaire to None, run_after=None
[2026-03-19T09:20:17.070+0000] {processor.py:208} INFO - Processing /opt/airflow/dags/pipeline.py took 0.052 seconds
[2026-03-19T09:20:47.187+0000] {processor.py:186} INFO - Started process (PID=86) to work on /opt/airflow/dags/pipeline.py
[2026-03-19T09:20:47.189+0000] {processor.py:914} INFO - Processing file /opt/airflow/dags/pipeline.py for tasks to queue
[2026-03-19T09:20:47.191+0000] {logging_mixin.py:190} INFO - [2026-03-19T09:20:47.191+0000] {dagbag.py:587} INFO - Filling up the DagBag from /opt/airflow/dags/pipeline.py
[2026-03-19T09:20:47.201+0000] {processor.py:925} INFO - DAG(s) 'pipeline_documentaire' retrieved from /opt/airflow/dags/pipeline.py
[2026-03-19T09:20:47.217+0000] {logging_mixin.py:190} INFO - [2026-03-19T09:20:47.217+0000] {dag.py:3229} INFO - Sync 1 DAGs
[2026-03-19T09:20:47.225+0000] {logging_mixin.py:190} INFO - [2026-03-19T09:20:47.225+0000] {dag.py:4156} INFO - Setting next_dagrun for pipeline_documentaire to None, run_after=None
[2026-03-19T09:20:47.236+0000] {processor.py:208} INFO - Processing /opt/airflow/dags/pipeline.py took 0.056 seconds
[2026-03-19T09:21:17.326+0000] {processor.py:186} INFO - Started process (PID=87) to work on /opt/airflow/dags/pipeline.py
[2026-03-19T09:21:17.328+0000] {processor.py:914} INFO - Processing file /opt/airflow/dags/pipeline.py for tasks to queue
[2026-03-19T09:21:17.334+0000] {logging_mixin.py:190} INFO - [2026-03-19T09:21:17.333+0000] {dagbag.py:587} INFO - Filling up the DagBag from /opt/airflow/dags/pipeline.py
[2026-03-19T09:21:17.350+0000] {processor.py:925} INFO - DAG(s) 'pipeline_documentaire' retrieved from /opt/airflow/dags/pipeline.py
[2026-03-19T09:21:17.366+0000] {logging_mixin.py:190} INFO - [2026-03-19T09:21:17.366+0000] {dag.py:3229} INFO - Sync 1 DAGs
[2026-03-19T09:21:17.373+0000] {logging_mixin.py:190} INFO - [2026-03-19T09:21:17.373+0000] {dag.py:4156} INFO - Setting next_dagrun for pipeline_documentaire to None, run_after=None
[2026-03-19T09:21:17.382+0000] {processor.py:208} INFO - Processing /opt/airflow/dags/pipeline.py took 0.065 seconds
[2026-03-19T09:21:47.450+0000] {processor.py:186} INFO - Started process (PID=88) to work on /opt/airflow/dags/pipeline.py
[2026-03-19T09:21:47.451+0000] {processor.py:914} INFO - Processing file /opt/airflow/dags/pipeline.py for tasks to queue
[2026-03-19T09:21:47.454+0000] {logging_mixin.py:190} INFO - [2026-03-19T09:21:47.453+0000] {dagbag.py:587} INFO - Filling up the DagBag from /opt/airflow/dags/pipeline.py
[2026-03-19T09:21:47.464+0000] {processor.py:925} INFO - DAG(s) 'pipeline_documentaire' retrieved from /opt/airflow/dags/pipeline.py
[2026-03-19T09:21:47.480+0000] {logging_mixin.py:190} INFO - [2026-03-19T09:21:47.479+0000] {dag.py:3229} INFO - Sync 1 DAGs
[2026-03-19T09:21:47.485+0000] {logging_mixin.py:190} INFO - [2026-03-19T09:21:47.485+0000] {dag.py:4156} INFO - Setting next_dagrun for pipeline_documentaire to None, run_after=None
[2026-03-19T09:21:47.495+0000] {processor.py:208} INFO - Processing /opt/airflow/dags/pipeline.py took 0.053 seconds
